<?xml version="1.0" encoding="UTF-8"?>
<!-- Generated by org.testng.reporters.JUnitReportReporter -->
<testsuite name="com.POMwithPF.homepage.TC001_VerifyLoginWithInvalidCredentials" tests="1" time="16.485" ignored="0" failures="0" timestamp="11 Mar 2018 15:59:35 GMT" skipped="0" hostname="Hrishikesh" errors="0">
  <testcase name="verifyLoginWithInvalidCredentials" time="16.485" classname="com.POMwithPF.homepage.TC001_VerifyLoginWithInvalidCredentials"/>
</testsuite> <!-- com.POMwithPF.homepage.TC001_VerifyLoginWithInvalidCredentials -->
