<?xml version="1.0" encoding="UTF-8"?>
<!-- Generated by org.testng.reporters.JUnitReportReporter -->
<testsuite name="com.POMwithPF.homepage.TC003_VerifyLoginWithDifferentRecords" tests="7" time="1.803" ignored="0" failures="0" timestamp="14 Mar 2018 08:31:00 GMT" skipped="4" hostname="Hrishikesh" errors="0">
  <testcase name="verifyLoginWithDifferentRecords" time="0.003" classname="com.POMwithPF.homepage.TC003_VerifyLoginWithDifferentRecords">
    <skipped/>
  </testcase> <!-- verifyLoginWithDifferentRecords -->
  <testcase name="verifyLoginWithDifferentRecords" time="0.421" classname="com.POMwithPF.homepage.TC003_VerifyLoginWithDifferentRecords"/>
  <testcase name="verifyLoginWithDifferentRecords" time="0.464" classname="com.POMwithPF.homepage.TC003_VerifyLoginWithDifferentRecords"/>
  <testcase name="verifyLoginWithDifferentRecords" time="0.902" classname="com.POMwithPF.homepage.TC003_VerifyLoginWithDifferentRecords"/>
  <testcase name="verifyLoginWithDifferentRecords" time="0.003" classname="com.POMwithPF.homepage.TC003_VerifyLoginWithDifferentRecords">
    <skipped/>
  </testcase> <!-- verifyLoginWithDifferentRecords -->
  <testcase name="verifyLoginWithDifferentRecords" time="0.005" classname="com.POMwithPF.homepage.TC003_VerifyLoginWithDifferentRecords">
    <skipped/>
  </testcase> <!-- verifyLoginWithDifferentRecords -->
  <testcase name="verifyLoginWithDifferentRecords" time="0.005" classname="com.POMwithPF.homepage.TC003_VerifyLoginWithDifferentRecords">
    <skipped/>
  </testcase> <!-- verifyLoginWithDifferentRecords -->
</testsuite> <!-- com.POMwithPF.homepage.TC003_VerifyLoginWithDifferentRecords -->
