<?xml version="1.0" encoding="UTF-8"?>
<!-- Generated by org.testng.reporters.JUnitReportReporter -->
<testsuite name="com.POMwithPF.addToCart.TC001_VerifyAaddToCart" tests="2" time="4.181" ignored="0" failures="0" timestamp="14 Mar 2018 08:31:00 GMT" skipped="0" hostname="Hrishikesh" errors="0">
  <testcase name="verifyAaddToCart" time="2.158" classname="com.POMwithPF.addToCart.TC001_VerifyAaddToCart"/>
  <testcase name="verifyAaddToCart" time="2.023" classname="com.POMwithPF.addToCart.TC001_VerifyAaddToCart"/>
</testsuite> <!-- com.POMwithPF.addToCart.TC001_VerifyAaddToCart -->
