<?xml version="1.0" encoding="UTF-8"?>
<!-- Generated by org.testng.reporters.JUnitReportReporter -->
<testsuite name="com.POMwithPF.addToCart.TC002_VerifyFacebookLink" tests="2" time="4.267" ignored="0" failures="0" timestamp="14 Mar 2018 08:31:00 GMT" skipped="0" hostname="Hrishikesh" errors="0">
  <testcase name="verifyFacebookLink" time="1.988" classname="com.POMwithPF.addToCart.TC002_VerifyFacebookLink"/>
  <testcase name="verifyFacebookLink" time="2.279" classname="com.POMwithPF.addToCart.TC002_VerifyFacebookLink"/>
</testsuite> <!-- com.POMwithPF.addToCart.TC002_VerifyFacebookLink -->
