<?xml version="1.0" encoding="UTF-8"?>
<!-- Generated by org.testng.reporters.JUnitReportReporter -->
<testsuite name="com.selenium.tutorial.JavaScriptExecuter" tests="1" time="13.288" ignored="0" failures="0" timestamp="21 Feb 2018 07:01:41 GMT" skipped="0" hostname="INBAW7WBBAS" errors="0">
  <testcase name="setUp" time="13.288" classname="com.selenium.tutorial.JavaScriptExecuter"/>
</testsuite> <!-- com.selenium.tutorial.JavaScriptExecuter -->
