<?xml version="1.0" encoding="UTF-8"?>
<!-- Generated by org.testng.reporters.JUnitReportReporter -->
<testsuite name="com.selenium.tutorial.Iframe" tests="1" time="40.811" ignored="0" failures="0" timestamp="19 Feb 2018 15:55:55 GMT" skipped="0" hostname="INBAW7WBBAS" errors="0">
  <testcase name="test" time="40.811" classname="com.selenium.tutorial.Iframe"/>
</testsuite> <!-- com.selenium.tutorial.Iframe -->
