<?xml version="1.0" encoding="UTF-8"?>
<!-- Generated by org.testng.reporters.JUnitReportReporter -->
<testsuite name="myProject.javaProject.TC001" tests="1" time="12.246" ignored="0" failures="0" timestamp="16 Feb 2018 13:31:31 GMT" skipped="0" hostname="INBAW7WBBAS" errors="0">
  <testcase name="test" time="12.246" classname="myProject.javaProject.TC001"/>
</testsuite> <!-- myProject.javaProject.TC001 -->
