<?xml version="1.0" encoding="UTF-8"?>
<!-- Generated by org.testng.reporters.JUnitReportReporter -->
<testsuite name="com.selenium.tutorial.DragAndDrop" tests="1" time="11.933" ignored="0" failures="0" timestamp="19 Feb 2018 20:30:46 GMT" skipped="0" hostname="INBAW7WBBAS" errors="0">
  <testcase name="test" time="11.933" classname="com.selenium.tutorial.DragAndDrop"/>
</testsuite> <!-- com.selenium.tutorial.DragAndDrop -->
