<?xml version="1.0" encoding="UTF-8"?>
<!-- Generated by org.testng.reporters.JUnitReportReporter -->
<testsuite name="com.selenium.tutorial.ScreenShot" tests="1" time="9.404" ignored="0" failures="0" timestamp="18 Feb 2018 17:31:41 GMT" skipped="0" hostname="INBAW7WBBAS" errors="0">
  <testcase name="test" time="9.404" classname="com.selenium.tutorial.ScreenShot"/>
</testsuite> <!-- com.selenium.tutorial.ScreenShot -->
