<?xml version="1.0" encoding="UTF-8"?>
<!-- Generated by org.testng.reporters.JUnitReportReporter -->
<testsuite name="com.java.properties.TestBase" tests="1" time="0.013" ignored="0" failures="0" timestamp="24 Feb 2018 13:19:46 GMT" skipped="0" hostname="INBAW7WBBAS" errors="0">
  <testcase name="setUp" time="0.013" classname="com.java.properties.TestBase"/>
</testsuite> <!-- com.java.properties.TestBase -->
