<?xml version="1.0" encoding="UTF-8"?>
<!-- Generated by org.testng.reporters.JUnitReportReporter -->
<testsuite name="com.verifyCommonText.VerifyCommonText" tests="1" time="8.138" ignored="0" failures="0" timestamp="16 Feb 2018 14:07:43 GMT" skipped="0" hostname="INBAW7WBBAS" errors="0">
  <testcase name="test" time="8.138" classname="com.verifyCommonText.VerifyCommonText"/>
</testsuite> <!-- com.verifyCommonText.VerifyCommonText -->
