<?xml version="1.0" encoding="UTF-8"?>
<!-- Generated by org.testng.reporters.JUnitReportReporter -->
<testsuite name="com.selenium.tutorial.VerifyCollapsedAndExpandedObject" tests="1" time="12.868" ignored="0" failures="0" timestamp="19 Feb 2018 09:43:26 GMT" skipped="0" hostname="INBAW7WBBAS" errors="0">
  <testcase name="test" time="12.868" classname="com.selenium.tutorial.VerifyCollapsedAndExpandedObject"/>
</testsuite> <!-- com.selenium.tutorial.VerifyCollapsedAndExpandedObject -->
