<?xml version="1.0" encoding="UTF-8"?>
<!-- Generated by org.testng.reporters.JUnitReportReporter -->
<testsuite name="com.custom.listiner.LoginTest" tests="1" time="13.275" ignored="0" failures="0" timestamp="25 Feb 2018 12:11:06 GMT" skipped="0" hostname="INBAW7WBBAS" errors="0">
  <testcase name="loginTest" time="13.275" classname="com.custom.listiner.LoginTest"/>
</testsuite> <!-- com.custom.listiner.LoginTest -->
