<?xml version="1.0" encoding="UTF-8"?>
<!-- Generated by org.testng.reporters.JUnitReportReporter -->
<testsuite name="com.selenium.tutorial.VerifylowestFirstPriceListInTheProduct_DetailsPage" tests="1" time="29.185" ignored="0" failures="0" timestamp="23 Feb 2018 16:02:16 GMT" skipped="0" hostname="INBAW7WBBAS" errors="0">
  <testcase name="test" time="29.185" classname="com.selenium.tutorial.VerifylowestFirstPriceListInTheProduct_DetailsPage"/>
</testsuite> <!-- com.selenium.tutorial.VerifylowestFirstPriceListInTheProduct_DetailsPage -->
