<?xml version="1.0" encoding="UTF-8"?>
<!-- Generated by org.testng.reporters.JUnitReportReporter -->
<testsuite name="com.selenium.tutorial.MouseHoverOver" tests="1" time="12.121" ignored="0" failures="0" timestamp="19 Feb 2018 15:27:51 GMT" skipped="0" hostname="INBAW7WBBAS" errors="0">
  <testcase name="test" time="12.121" classname="com.selenium.tutorial.MouseHoverOver"/>
</testsuite> <!-- com.selenium.tutorial.MouseHoverOver -->
