<?xml version="1.0" encoding="UTF-8"?>
<!-- Generated by org.testng.reporters.JUnitReportReporter -->
<testsuite name="com.selenium.tutorial.NumerOfLinkPresent" tests="1" time="8.736" ignored="0" failures="0" timestamp="17 Feb 2018 15:00:30 GMT" skipped="0" hostname="INBAW7WBBAS" errors="0">
  <testcase name="test" time="8.736" classname="com.selenium.tutorial.NumerOfLinkPresent"/>
</testsuite> <!-- com.selenium.tutorial.NumerOfLinkPresent -->
