<?xml version="1.0" encoding="UTF-8"?>
<!-- Generated by org.testng.reporters.JUnitReportReporter -->
<testsuite name="com.selenium.tutorial.VerifyDisableObject" tests="1" time="13.075" ignored="0" failures="0" timestamp="22 Feb 2018 03:03:30 GMT" skipped="0" hostname="INBAW7WBBAS" errors="0">
  <testcase name="test" time="13.075" classname="com.selenium.tutorial.VerifyDisableObject"/>
</testsuite> <!-- com.selenium.tutorial.VerifyDisableObject -->
