<?xml version="1.0" encoding="UTF-8"?>
<!-- Generated by org.testng.reporters.JUnitReportReporter -->
<testsuite name="com.selenium.tutorial.ZoomInZoomOut" tests="1" time="13.029" ignored="0" failures="0" timestamp="22 Feb 2018 15:38:30 GMT" skipped="0" hostname="INBAW7WBBAS" errors="0">
  <testcase name="test" time="13.029" classname="com.selenium.tutorial.ZoomInZoomOut"/>
</testsuite> <!-- com.selenium.tutorial.ZoomInZoomOut -->
