<?xml version="1.0" encoding="UTF-8"?>
<!-- Generated by org.testng.reporters.JUnitReportReporter -->
<testsuite name="com.selenium.tutorial.HowToSelectWindow" tests="1" time="10.211" ignored="0" failures="0" timestamp="17 Feb 2018 15:10:22 GMT" skipped="0" hostname="INBAW7WBBAS" errors="0">
  <testcase name="test" time="10.211" classname="com.selenium.tutorial.HowToSelectWindow"/>
</testsuite> <!-- com.selenium.tutorial.HowToSelectWindow -->
